<?xml version="1.0" encoding="UTF-8"?>
<testsuite name="com.module.api.service.AccountServiceTest" tests="1" skipped="0" failures="0" errors="0" timestamp="2019-06-12T11:41:43" hostname="seojaeyeon-ui-MacBook-Pro.local" time="0.085">
  <properties/>
  <testcase name="signUp" classname="com.module.api.service.AccountServiceTest" time="0.085"/>
  <system-out><![CDATA[20:41:39.032 [Test worker] DEBUG org.springframework.test.context.junit4.SpringJUnit4ClassRunner - SpringJUnit4ClassRunner constructor called with [class com.module.api.service.AccountServiceTest]
20:41:39.040 [Test worker] DEBUG org.springframework.test.context.BootstrapUtils - Instantiating CacheAwareContextLoaderDelegate from class [org.springframework.test.context.cache.DefaultCacheAwareContextLoaderDelegate]
20:41:39.047 [Test worker] DEBUG org.springframework.test.context.BootstrapUtils - Instantiating BootstrapContext using constructor [public org.springframework.test.context.support.DefaultBootstrapContext(java.lang.Class,org.springframework.test.context.CacheAwareContextLoaderDelegate)]
20:41:39.066 [Test worker] DEBUG org.springframework.test.context.BootstrapUtils - Instantiating TestContextBootstrapper for test class [com.module.api.service.AccountServiceTest] from class [org.springframework.boot.test.context.SpringBootTestContextBootstrapper]
20:41:39.077 [Test worker] INFO org.springframework.boot.test.context.SpringBootTestContextBootstrapper - Neither @ContextConfiguration nor @ContextHierarchy found for test class [com.module.api.service.AccountServiceTest], using SpringBootContextLoader
20:41:39.080 [Test worker] DEBUG org.springframework.test.context.support.AbstractContextLoader - Did not detect default resource location for test class [com.module.api.service.AccountServiceTest]: class path resource [com/module/api/service/AccountServiceTest-context.xml] does not exist
20:41:39.081 [Test worker] DEBUG org.springframework.test.context.support.AbstractContextLoader - Did not detect default resource location for test class [com.module.api.service.AccountServiceTest]: class path resource [com/module/api/service/AccountServiceTestContext.groovy] does not exist
20:41:39.081 [Test worker] INFO org.springframework.test.context.support.AbstractContextLoader - Could not detect default resource locations for test class [com.module.api.service.AccountServiceTest]: no resource found for suffixes {-context.xml, Context.groovy}.
20:41:39.082 [Test worker] INFO org.springframework.test.context.support.AnnotationConfigContextLoaderUtils - Could not detect default configuration classes for test class [com.module.api.service.AccountServiceTest]: AccountServiceTest does not declare any static, non-private, non-final, nested classes annotated with @Configuration.
20:41:39.122 [Test worker] DEBUG org.springframework.test.context.support.ActiveProfilesUtils - Could not find an 'annotation declaring class' for annotation type [org.springframework.test.context.ActiveProfiles] and class [com.module.api.service.AccountServiceTest]
20:41:39.199 [Test worker] DEBUG org.springframework.context.annotation.ClassPathScanningCandidateComponentProvider - Identified candidate component class: file [/Users/seojaeyeon/git/spring-study-example/root/module-api/build/classes/java/main/com/module/api/ModuleApiApplication.class]
20:41:39.201 [Test worker] INFO org.springframework.boot.test.context.SpringBootTestContextBootstrapper - Found @SpringBootConfiguration com.module.api.ModuleApiApplication for test class com.module.api.service.AccountServiceTest
20:41:39.297 [Test worker] DEBUG org.springframework.boot.test.context.SpringBootTestContextBootstrapper - @TestExecutionListeners is not present for class [com.module.api.service.AccountServiceTest]: using defaults.
20:41:39.297 [Test worker] INFO org.springframework.boot.test.context.SpringBootTestContextBootstrapper - Loaded default TestExecutionListener class names from location [META-INF/spring.factories]: [org.springframework.boot.test.autoconfigure.restdocs.RestDocsTestExecutionListener, org.springframework.boot.test.autoconfigure.web.client.MockRestServiceServerResetTestExecutionListener, org.springframework.boot.test.autoconfigure.web.servlet.MockMvcPrintOnlyOnFailureTestExecutionListener, org.springframework.boot.test.autoconfigure.web.servlet.WebDriverTestExecutionListener, org.springframework.boot.test.mock.mockito.MockitoTestExecutionListener, org.springframework.boot.test.mock.mockito.ResetMocksTestExecutionListener, org.springframework.test.context.web.ServletTestExecutionListener, org.springframework.test.context.support.DirtiesContextBeforeModesTestExecutionListener, org.springframework.test.context.support.DependencyInjectionTestExecutionListener, org.springframework.test.context.support.DirtiesContextTestExecutionListener, org.springframework.test.context.transaction.TransactionalTestExecutionListener, org.springframework.test.context.jdbc.SqlScriptsTestExecutionListener]
20:41:39.314 [Test worker] INFO org.springframework.boot.test.context.SpringBootTestContextBootstrapper - Using TestExecutionListeners: [org.springframework.test.context.web.ServletTestExecutionListener@71537bed, org.springframework.test.context.support.DirtiesContextBeforeModesTestExecutionListener@b1b666f, org.springframework.boot.test.mock.mockito.MockitoTestExecutionListener@3b53de90, org.springframework.boot.test.autoconfigure.SpringBootDependencyInjectionTestExecutionListener@40ae97c0, org.springframework.test.context.support.DirtiesContextTestExecutionListener@2ac8102b, org.springframework.test.context.transaction.TransactionalTestExecutionListener@7ab02303, org.springframework.test.context.jdbc.SqlScriptsTestExecutionListener@5fb2d59b, org.springframework.boot.test.autoconfigure.restdocs.RestDocsTestExecutionListener@6b16493a, org.springframework.boot.test.autoconfigure.web.client.MockRestServiceServerResetTestExecutionListener@135453b, org.springframework.boot.test.autoconfigure.web.servlet.MockMvcPrintOnlyOnFailureTestExecutionListener@7a66d625, org.springframework.boot.test.autoconfigure.web.servlet.WebDriverTestExecutionListener@3331daff, org.springframework.boot.test.mock.mockito.ResetMocksTestExecutionListener@6ab70a3a]
20:41:39.317 [Test worker] DEBUG org.springframework.test.annotation.ProfileValueUtils - Retrieved @ProfileValueSourceConfiguration [null] for test class [com.module.api.service.AccountServiceTest]
20:41:39.318 [Test worker] DEBUG org.springframework.test.annotation.ProfileValueUtils - Retrieved ProfileValueSource type [class org.springframework.test.annotation.SystemProfileValueSource] for class [com.module.api.service.AccountServiceTest]
20:41:39.319 [Test worker] DEBUG org.springframework.test.annotation.ProfileValueUtils - Retrieved @ProfileValueSourceConfiguration [null] for test class [com.module.api.service.AccountServiceTest]
20:41:39.319 [Test worker] DEBUG org.springframework.test.annotation.ProfileValueUtils - Retrieved ProfileValueSource type [class org.springframework.test.annotation.SystemProfileValueSource] for class [com.module.api.service.AccountServiceTest]
20:41:39.323 [Test worker] DEBUG org.springframework.test.context.support.AbstractDirtiesContextTestExecutionListener - Before test class: context [DefaultTestContext@70f2cc13 testClass = AccountServiceTest, testInstance = [null], testMethod = [null], testException = [null], mergedContextConfiguration = [WebMergedContextConfiguration@7815997b testClass = AccountServiceTest, locations = '{}', classes = '{class com.module.api.ModuleApiApplication}', contextInitializerClasses = '[]', activeProfiles = '{}', propertySourceLocations = '{}', propertySourceProperties = '{org.springframework.boot.test.context.SpringBootTestContextBootstrapper=true}', contextCustomizers = set[org.springframework.boot.test.autoconfigure.properties.PropertyMappingContextCustomizer@0, org.springframework.boot.test.autoconfigure.web.servlet.WebDriverContextCustomizerFactory$Customizer@54f9353f, org.springframework.boot.test.context.filter.ExcludeFilterContextCustomizer@9095e41, org.springframework.boot.test.json.DuplicateJsonObjectContextCustomizerFactory$DuplicateJsonObjectContextCustomizer@6a3d8154, org.springframework.boot.test.mock.mockito.MockitoContextCustomizer@0, org.springframework.boot.test.web.client.TestRestTemplateContextCustomizer@71e04a0a], resourceBasePath = 'src/main/webapp', contextLoader = 'org.springframework.boot.test.context.SpringBootContextLoader', parent = [null]], attributes = map['org.springframework.test.context.web.ServletTestExecutionListener.activateListener' -> true]], class annotated with @DirtiesContext [false] with mode [null].
20:41:39.324 [Test worker] DEBUG org.springframework.test.annotation.ProfileValueUtils - Retrieved @ProfileValueSourceConfiguration [null] for test class [com.module.api.service.AccountServiceTest]
20:41:39.324 [Test worker] DEBUG org.springframework.test.annotation.ProfileValueUtils - Retrieved ProfileValueSource type [class org.springframework.test.annotation.SystemProfileValueSource] for class [com.module.api.service.AccountServiceTest]
20:41:39.344 [Test worker] DEBUG org.springframework.test.context.support.TestPropertySourceUtils - Adding inlined properties to environment: {spring.jmx.enabled=false, org.springframework.boot.test.context.SpringBootTestContextBootstrapper=true, server.port=-1}

  .   ____          _            __ _ _
 /\\ / ___'_ __ _ _(_)_ __  __ _ \ \ \ \
( ( )\___ | '_ | '_| | '_ \/ _` | \ \ \ \
 \\/  ___)| |_)| | | | | || (_| |  ) ) ) )
  '  |____| .__|_| |_|_| |_\__, | / / / /
 =========|_|==============|___/=/_/_/_/
 :: Spring Boot ::        (v2.1.5.RELEASE)

2019-06-12 20:41:39.686  INFO 1537 --- [    Test worker] c.module.api.service.AccountServiceTest  : Starting AccountServiceTest on seojaeyeon-ui-MacBook-Pro.local with PID 1537 (started by seojaeyeon in /Users/seojaeyeon/git/spring-study-example/root/module-api)
2019-06-12 20:41:39.687  INFO 1537 --- [    Test worker] c.module.api.service.AccountServiceTest  : No active profile set, falling back to default profiles: default
2019-06-12 20:41:40.210  INFO 1537 --- [    Test worker] .s.d.r.c.RepositoryConfigurationDelegate : Bootstrapping Spring Data repositories in DEFAULT mode.
2019-06-12 20:41:40.280  INFO 1537 --- [    Test worker] .s.d.r.c.RepositoryConfigurationDelegate : Finished Spring Data repository scanning in 62ms. Found 1 repository interfaces.
2019-06-12 20:41:40.881  INFO 1537 --- [    Test worker] trationDelegate$BeanPostProcessorChecker : Bean 'org.springframework.transaction.annotation.ProxyTransactionManagementConfiguration' of type [org.springframework.transaction.annotation.ProxyTransactionManagementConfiguration$$EnhancerBySpringCGLIB$$167bcd0] is not eligible for getting processed by all BeanPostProcessors (for example: not eligible for auto-proxying)
2019-06-12 20:41:41.066  INFO 1537 --- [    Test worker] com.zaxxer.hikari.HikariDataSource       : HikariPool-1 - Starting...
2019-06-12 20:41:41.278  INFO 1537 --- [    Test worker] com.zaxxer.hikari.HikariDataSource       : HikariPool-1 - Start completed.
2019-06-12 20:41:41.357  INFO 1537 --- [    Test worker] o.hibernate.jpa.internal.util.LogHelper  : HHH000204: Processing PersistenceUnitInfo [
	name: default
	...]
2019-06-12 20:41:41.419  INFO 1537 --- [    Test worker] org.hibernate.Version                    : HHH000412: Hibernate Core {5.3.10.Final}
2019-06-12 20:41:41.420  INFO 1537 --- [    Test worker] org.hibernate.cfg.Environment            : HHH000206: hibernate.properties not found
2019-06-12 20:41:41.544  INFO 1537 --- [    Test worker] o.hibernate.annotations.common.Version   : HCANN000001: Hibernate Commons Annotations {5.0.4.Final}
2019-06-12 20:41:41.668  INFO 1537 --- [    Test worker] org.hibernate.dialect.Dialect            : HHH000400: Using dialect: org.hibernate.dialect.H2Dialect
2019-06-12 20:41:42.212  INFO 1537 --- [    Test worker] o.h.t.schema.internal.SchemaCreatorImpl  : HHH000476: Executing import script 'org.hibernate.tool.schema.internal.exec.ScriptSourceInputNonExistentImpl@70d62da8'
2019-06-12 20:41:42.215  INFO 1537 --- [    Test worker] j.LocalContainerEntityManagerFactoryBean : Initialized JPA EntityManagerFactory for persistence unit 'default'
2019-06-12 20:41:43.037  INFO 1537 --- [    Test worker] o.s.s.concurrent.ThreadPoolTaskExecutor  : Initializing ExecutorService 'applicationTaskExecutor'
2019-06-12 20:41:43.095  WARN 1537 --- [    Test worker] aWebConfiguration$JpaWebMvcConfiguration : spring.jpa.open-in-view is enabled by default. Therefore, database queries may be performed during view rendering. Explicitly configure spring.jpa.open-in-view to disable this warning
2019-06-12 20:41:43.418  INFO 1537 --- [    Test worker] c.module.api.service.AccountServiceTest  : Started AccountServiceTest in 4.066 seconds (JVM running for 4.927)
]]></system-out>
  <system-err><![CDATA[]]></system-err>
</testsuite>
