<?xml version="1.0" encoding="UTF-8"?>
<testsuite name="com.module.core.domain.AccountRepositoryTest" tests="1" skipped="0" failures="0" errors="0" timestamp="2019-06-12T11:41:49" hostname="seojaeyeon-ui-MacBook-Pro.local" time="0.136">
  <properties/>
  <testcase name="사용자_저장_테스트" classname="com.module.core.domain.AccountRepositoryTest" time="0.136"/>
  <system-out><![CDATA[20:41:45.182 [Test worker] DEBUG org.springframework.test.context.junit4.SpringJUnit4ClassRunner - SpringJUnit4ClassRunner constructor called with [class com.module.core.domain.AccountRepositoryTest]
20:41:45.189 [Test worker] DEBUG org.springframework.test.context.BootstrapUtils - Instantiating CacheAwareContextLoaderDelegate from class [org.springframework.test.context.cache.DefaultCacheAwareContextLoaderDelegate]
20:41:45.196 [Test worker] DEBUG org.springframework.test.context.BootstrapUtils - Instantiating BootstrapContext using constructor [public org.springframework.test.context.support.DefaultBootstrapContext(java.lang.Class,org.springframework.test.context.CacheAwareContextLoaderDelegate)]
20:41:45.215 [Test worker] DEBUG org.springframework.test.context.BootstrapUtils - Instantiating TestContextBootstrapper for test class [com.module.core.domain.AccountRepositoryTest] from class [org.springframework.boot.test.context.SpringBootTestContextBootstrapper]
20:41:45.226 [Test worker] INFO org.springframework.boot.test.context.SpringBootTestContextBootstrapper - Neither @ContextConfiguration nor @ContextHierarchy found for test class [com.module.core.domain.AccountRepositoryTest], using SpringBootContextLoader
20:41:45.228 [Test worker] DEBUG org.springframework.test.context.support.AbstractContextLoader - Did not detect default resource location for test class [com.module.core.domain.AccountRepositoryTest]: class path resource [com/module/core/domain/AccountRepositoryTest-context.xml] does not exist
20:41:45.229 [Test worker] DEBUG org.springframework.test.context.support.AbstractContextLoader - Did not detect default resource location for test class [com.module.core.domain.AccountRepositoryTest]: class path resource [com/module/core/domain/AccountRepositoryTestContext.groovy] does not exist
20:41:45.229 [Test worker] INFO org.springframework.test.context.support.AbstractContextLoader - Could not detect default resource locations for test class [com.module.core.domain.AccountRepositoryTest]: no resource found for suffixes {-context.xml, Context.groovy}.
20:41:45.230 [Test worker] INFO org.springframework.test.context.support.AnnotationConfigContextLoaderUtils - Could not detect default configuration classes for test class [com.module.core.domain.AccountRepositoryTest]: AccountRepositoryTest does not declare any static, non-private, non-final, nested classes annotated with @Configuration.
20:41:45.268 [Test worker] DEBUG org.springframework.test.context.support.ActiveProfilesUtils - Could not find an 'annotation declaring class' for annotation type [org.springframework.test.context.ActiveProfiles] and class [com.module.core.domain.AccountRepositoryTest]
20:41:45.338 [Test worker] DEBUG org.springframework.context.annotation.ClassPathScanningCandidateComponentProvider - Identified candidate component class: file [/Users/seojaeyeon/git/spring-study-example/root/module-core/build/classes/java/test/com/module/core/ModuleCoreApplicationTest.class]
20:41:45.339 [Test worker] INFO org.springframework.boot.test.context.SpringBootTestContextBootstrapper - Found @SpringBootConfiguration com.module.core.ModuleCoreApplicationTest for test class com.module.core.domain.AccountRepositoryTest
20:41:45.430 [Test worker] DEBUG org.springframework.boot.test.context.SpringBootTestContextBootstrapper - @TestExecutionListeners is not present for class [com.module.core.domain.AccountRepositoryTest]: using defaults.
20:41:45.430 [Test worker] INFO org.springframework.boot.test.context.SpringBootTestContextBootstrapper - Loaded default TestExecutionListener class names from location [META-INF/spring.factories]: [org.springframework.boot.test.autoconfigure.restdocs.RestDocsTestExecutionListener, org.springframework.boot.test.autoconfigure.web.client.MockRestServiceServerResetTestExecutionListener, org.springframework.boot.test.autoconfigure.web.servlet.MockMvcPrintOnlyOnFailureTestExecutionListener, org.springframework.boot.test.autoconfigure.web.servlet.WebDriverTestExecutionListener, org.springframework.boot.test.mock.mockito.MockitoTestExecutionListener, org.springframework.boot.test.mock.mockito.ResetMocksTestExecutionListener, org.springframework.test.context.web.ServletTestExecutionListener, org.springframework.test.context.support.DirtiesContextBeforeModesTestExecutionListener, org.springframework.test.context.support.DependencyInjectionTestExecutionListener, org.springframework.test.context.support.DirtiesContextTestExecutionListener, org.springframework.test.context.transaction.TransactionalTestExecutionListener, org.springframework.test.context.jdbc.SqlScriptsTestExecutionListener]
20:41:45.444 [Test worker] INFO org.springframework.boot.test.context.SpringBootTestContextBootstrapper - Using TestExecutionListeners: [org.springframework.test.context.web.ServletTestExecutionListener@f67555c, org.springframework.test.context.support.DirtiesContextBeforeModesTestExecutionListener@3aaac289, org.springframework.boot.test.mock.mockito.MockitoTestExecutionListener@70a57c92, org.springframework.boot.test.autoconfigure.SpringBootDependencyInjectionTestExecutionListener@61d76e6d, org.springframework.test.context.support.DirtiesContextTestExecutionListener@54af0abe, org.springframework.test.context.transaction.TransactionalTestExecutionListener@38fd3428, org.springframework.test.context.jdbc.SqlScriptsTestExecutionListener@63678e49, org.springframework.boot.test.autoconfigure.restdocs.RestDocsTestExecutionListener@3999204e, org.springframework.boot.test.autoconfigure.web.client.MockRestServiceServerResetTestExecutionListener@154f2739, org.springframework.boot.test.autoconfigure.web.servlet.MockMvcPrintOnlyOnFailureTestExecutionListener@44420dcc, org.springframework.boot.test.autoconfigure.web.servlet.WebDriverTestExecutionListener@1b08d6cb, org.springframework.boot.test.mock.mockito.ResetMocksTestExecutionListener@6b631eb4]
20:41:45.447 [Test worker] DEBUG org.springframework.test.annotation.ProfileValueUtils - Retrieved @ProfileValueSourceConfiguration [null] for test class [com.module.core.domain.AccountRepositoryTest]
20:41:45.447 [Test worker] DEBUG org.springframework.test.annotation.ProfileValueUtils - Retrieved ProfileValueSource type [class org.springframework.test.annotation.SystemProfileValueSource] for class [com.module.core.domain.AccountRepositoryTest]
20:41:45.448 [Test worker] DEBUG org.springframework.test.annotation.ProfileValueUtils - Retrieved @ProfileValueSourceConfiguration [null] for test class [com.module.core.domain.AccountRepositoryTest]
20:41:45.448 [Test worker] DEBUG org.springframework.test.annotation.ProfileValueUtils - Retrieved ProfileValueSource type [class org.springframework.test.annotation.SystemProfileValueSource] for class [com.module.core.domain.AccountRepositoryTest]
20:41:45.453 [Test worker] DEBUG org.springframework.test.context.support.AbstractDirtiesContextTestExecutionListener - Before test class: context [DefaultTestContext@e6d7e0d testClass = AccountRepositoryTest, testInstance = [null], testMethod = [null], testException = [null], mergedContextConfiguration = [WebMergedContextConfiguration@197e2411 testClass = AccountRepositoryTest, locations = '{}', classes = '{class com.module.core.ModuleCoreApplicationTest}', contextInitializerClasses = '[]', activeProfiles = '{}', propertySourceLocations = '{}', propertySourceProperties = '{org.springframework.boot.test.context.SpringBootTestContextBootstrapper=true}', contextCustomizers = set[org.springframework.boot.test.autoconfigure.properties.PropertyMappingContextCustomizer@0, org.springframework.boot.test.autoconfigure.web.servlet.WebDriverContextCustomizerFactory$Customizer@359e365f, org.springframework.boot.test.context.filter.ExcludeFilterContextCustomizer@27b94272, org.springframework.boot.test.json.DuplicateJsonObjectContextCustomizerFactory$DuplicateJsonObjectContextCustomizer@347e5c94, org.springframework.boot.test.mock.mockito.MockitoContextCustomizer@0, org.springframework.boot.test.web.client.TestRestTemplateContextCustomizer@546e395], resourceBasePath = 'src/main/webapp', contextLoader = 'org.springframework.boot.test.context.SpringBootContextLoader', parent = [null]], attributes = map['org.springframework.test.context.web.ServletTestExecutionListener.activateListener' -> true]], class annotated with @DirtiesContext [false] with mode [null].
20:41:45.453 [Test worker] DEBUG org.springframework.test.annotation.ProfileValueUtils - Retrieved @ProfileValueSourceConfiguration [null] for test class [com.module.core.domain.AccountRepositoryTest]
20:41:45.453 [Test worker] DEBUG org.springframework.test.annotation.ProfileValueUtils - Retrieved ProfileValueSource type [class org.springframework.test.annotation.SystemProfileValueSource] for class [com.module.core.domain.AccountRepositoryTest]
20:41:45.471 [Test worker] DEBUG org.springframework.test.context.support.TestPropertySourceUtils - Adding inlined properties to environment: {spring.jmx.enabled=false, org.springframework.boot.test.context.SpringBootTestContextBootstrapper=true, server.port=-1}

  .   ____          _            __ _ _
 /\\ / ___'_ __ _ _(_)_ __  __ _ \ \ \ \
( ( )\___ | '_ | '_| | '_ \/ _` | \ \ \ \
 \\/  ___)| |_)| | | | | || (_| |  ) ) ) )
  '  |____| .__|_| |_|_| |_\__, | / / / /
 =========|_|==============|___/=/_/_/_/
 :: Spring Boot ::        (v2.1.5.RELEASE)

2019-06-12 20:41:45.656  INFO 1539 --- [    Test worker] c.m.core.domain.AccountRepositoryTest    : Starting AccountRepositoryTest on seojaeyeon-ui-MacBook-Pro.local with PID 1539 (started by seojaeyeon in /Users/seojaeyeon/git/spring-study-example/root/module-core)
2019-06-12 20:41:45.657  INFO 1539 --- [    Test worker] c.m.core.domain.AccountRepositoryTest    : No active profile set, falling back to default profiles: default
2019-06-12 20:41:46.207  INFO 1539 --- [    Test worker] .s.d.r.c.RepositoryConfigurationDelegate : Bootstrapping Spring Data repositories in DEFAULT mode.
2019-06-12 20:41:46.262  INFO 1539 --- [    Test worker] .s.d.r.c.RepositoryConfigurationDelegate : Finished Spring Data repository scanning in 48ms. Found 1 repository interfaces.
2019-06-12 20:41:46.703  INFO 1539 --- [    Test worker] trationDelegate$BeanPostProcessorChecker : Bean 'org.springframework.transaction.annotation.ProxyTransactionManagementConfiguration' of type [org.springframework.transaction.annotation.ProxyTransactionManagementConfiguration$$EnhancerBySpringCGLIB$$32283d71] is not eligible for getting processed by all BeanPostProcessors (for example: not eligible for auto-proxying)
2019-06-12 20:41:46.941  INFO 1539 --- [    Test worker] com.zaxxer.hikari.HikariDataSource       : HikariPool-1 - Starting...
2019-06-12 20:41:47.167  INFO 1539 --- [    Test worker] com.zaxxer.hikari.HikariDataSource       : HikariPool-1 - Start completed.
2019-06-12 20:41:47.299  INFO 1539 --- [    Test worker] o.hibernate.jpa.internal.util.LogHelper  : HHH000204: Processing PersistenceUnitInfo [
	name: default
	...]
2019-06-12 20:41:47.372  INFO 1539 --- [    Test worker] org.hibernate.Version                    : HHH000412: Hibernate Core {5.3.10.Final}
2019-06-12 20:41:47.374  INFO 1539 --- [    Test worker] org.hibernate.cfg.Environment            : HHH000206: hibernate.properties not found
2019-06-12 20:41:47.506  INFO 1539 --- [    Test worker] o.hibernate.annotations.common.Version   : HCANN000001: Hibernate Commons Annotations {5.1.0.Final}
2019-06-12 20:41:47.644  INFO 1539 --- [    Test worker] org.hibernate.dialect.Dialect            : HHH000400: Using dialect: org.hibernate.dialect.H2Dialect
2019-06-12 20:41:48.345  INFO 1539 --- [    Test worker] o.h.t.schema.internal.SchemaCreatorImpl  : HHH000476: Executing import script 'org.hibernate.tool.schema.internal.exec.ScriptSourceInputNonExistentImpl@3832a258'
2019-06-12 20:41:48.351  INFO 1539 --- [    Test worker] j.LocalContainerEntityManagerFactoryBean : Initialized JPA EntityManagerFactory for persistence unit 'default'
2019-06-12 20:41:49.371  INFO 1539 --- [    Test worker] o.s.s.concurrent.ThreadPoolTaskExecutor  : Initializing ExecutorService 'applicationTaskExecutor'
2019-06-12 20:41:49.448  WARN 1539 --- [    Test worker] aWebConfiguration$JpaWebMvcConfiguration : spring.jpa.open-in-view is enabled by default. Therefore, database queries may be performed during view rendering. Explicitly configure spring.jpa.open-in-view to disable this warning
2019-06-12 20:41:49.822  INFO 1539 --- [    Test worker] c.m.core.domain.AccountRepositoryTest    : Started AccountRepositoryTest in 4.343 seconds (JVM running for 5.17)
]]></system-out>
  <system-err><![CDATA[]]></system-err>
</testsuite>
